This is pdfTeX, Version 3.14159265-2.6-1.40.21 (MiKTeX 20.7) (preloaded format=pdflatex 2020.9.5)  24 OCT 2020 23:50
entering extended mode
**./disarag_achemso.tex
(disarag_achemso.tex
LaTeX2e <2020-02-02> patch level 5
L3 programming layer <2020-08-07>
(C:\Users\sagat\AppData\Roaming\MiKTeX\tex/latex/achemso\achemso.cls
Document Class: achemso 2020-07-21 v3.13b Submission to ACS journals
("C:\Program Files\MiKTeX\tex/latex/base\article.cls"
Document Class: article 2019/12/20 v1.4l Standard LaTeX document class
("C:\Program Files\MiKTeX\tex/latex/base\size12.clo"
File: size12.clo 2019/12/20 v1.4l Standard LaTeX file (size option)
)
\c@part=\count168
\c@section=\count169
\c@subsection=\count170
\c@subsubsection=\count171
\c@paragraph=\count172
\c@subparagraph=\count173
\c@figure=\count174
\c@table=\count175
\abovecaptionskip=\skip47
\belowcaptionskip=\skip48
\bibindent=\dimen134
)
("C:\Program Files\MiKTeX\tex/latex/xkeyval\xkeyval.sty"
Package: xkeyval 2014/12/03 v2.7a package option processing (HA)

("C:\Program Files\MiKTeX\tex/generic/xkeyval\xkeyval.tex"
("C:\Program Files\MiKTeX\tex/generic/xkeyval\xkvutils.tex"
\XKV@toks=\toks15
\XKV@tempa@toks=\toks16

("C:\Program Files\MiKTeX\tex/generic/xkeyval\keyval.tex"))
\XKV@depth=\count176
File: xkeyval.tex 2014/12/03 v2.7a key=value parser (HA)
))
\acs@bib@file=\write3
\c@bibnote=\count177

(C:\Users\sagat\AppData\Roaming\MiKTeX\tex/latex/geometry\geometry.sty
Package: geometry 2020/01/02 v5.9 Page Geometry

("C:\Program Files\MiKTeX\tex/generic/iftex\ifvtex.sty"
Package: ifvtex 2019/10/25 v1.7 ifvtex legacy package. Use iftex instead.

("C:\Program Files\MiKTeX\tex/generic/iftex\iftex.sty"
Package: iftex 2020/03/06 v1.0d TeX engine tests
))
\Gm@cnth=\count178
\Gm@cntv=\count179
\c@Gm@tempcnt=\count180
\Gm@bindingoffset=\dimen135
\Gm@wd@mp=\dimen136
\Gm@odd@mp=\dimen137
\Gm@even@mp=\dimen138
\Gm@layoutwidth=\dimen139
\Gm@layoutheight=\dimen140
\Gm@layouthoffset=\dimen141
\Gm@layoutvoffset=\dimen142
\Gm@dimlist=\toks17

(C:\Users\sagat\AppData\Roaming\MiKTeX\tex/latex/geometry\geometry.cfg))
(C:\Users\sagat\AppData\Roaming\MiKTeX\tex/latex/caption\caption.sty
Package: caption 2020/09/12 v3.5b Customizing captions (AR)

(C:\Users\sagat\AppData\Roaming\MiKTeX\tex/latex/caption\caption3.sty
Package: caption3 2020/09/17 v2.1b caption3 kernel (AR)
\captionmargin=\dimen143
\captionmargin@=\dimen144
\captionwidth=\dimen145
\caption@tempdima=\dimen146
\caption@indent=\dimen147
\caption@parindent=\dimen148
\caption@hangindent=\dimen149
Package caption Info: Standard document class detected.
)
\c@caption@flags=\count181
\c@continuedfloat=\count182
)
(C:\Users\sagat\AppData\Roaming\MiKTeX\tex/latex/float\float.sty
Package: float 2001/11/08 v1.3d Float enhancements (AL)
\c@float@type=\count183
\float@exts=\toks18
\float@box=\box45
\@float@everytoks=\toks19
\@floatcapt=\box46
)
("C:\Program Files\MiKTeX\tex/latex/graphics\graphicx.sty"
Package: graphicx 2019/11/30 v1.2a Enhanced LaTeX Graphics (DPC,SPQR)

("C:\Program Files\MiKTeX\tex/latex/graphics\graphics.sty"
Package: graphics 2019/11/30 v1.4a Standard LaTeX Graphics (DPC,SPQR)

("C:\Program Files\MiKTeX\tex/latex/graphics\trig.sty"
Package: trig 2016/01/03 v1.10 sin cos tan (DPC)
)
("C:\Program Files\MiKTeX\tex/latex/graphics-cfg\graphics.cfg"
File: graphics.cfg 2016/06/04 v1.11 sample graphics configuration
)
Package graphics Info: Driver file: pdftex.def on input line 105.

("C:\Program Files\MiKTeX\tex/latex/graphics-def\pdftex.def"
File: pdftex.def 2018/01/08 v1.0l Graphics/color driver for pdftex
))
\Gin@req@height=\dimen150
\Gin@req@width=\dimen151
)
(C:\Users\sagat\AppData\Roaming\MiKTeX\tex/latex/setspace\setspace.sty
Package: setspace 2011/12/19 v6.7a set line spacing
)
("C:\Program Files\MiKTeX\tex/latex/url\url.sty"
\Urlmuskip=\muskip16
Package: url 2013/09/16  ver 3.4  Verb mode for urls, etc.
)
\acs@author@cnt=\count184
\acs@affil@cnt=\count185
\acs@affil@alt@cnt=\count186
\acs@footnote@cnt=\count187
\acs@affil@marker@cnt=\count188
\acs@space@pre@title=\skip49
\acs@space@post@title=\skip50
\acs@space@post@author=\skip51
\acs@space@post@address=\skip52
\acs@space@post@email=\skip53
\acs@maketitle@width=\skip54
\@float@every@scheme=\toks20
\c@scheme=\count189
\@float@every@chart=\toks21
\c@chart=\count190
\@float@every@graph=\toks22
\c@graph=\count191
\@float@every@table=\toks23
\acs@collect@toks=\toks24
\acs@collect@empty@toks=\toks25
\acs@tocentry@height=\skip55
\acs@tocentry@width=\skip56

(C:\Users\sagat\AppData\Roaming\MiKTeX\tex/latex/achemso\achemso-jacsat.cfg
File: achemso-jacsat.cfg 2020-07-21 v3.13b achemso configuration: J. Am. Chem. 
Soc.
)
(C:\Users\sagat\AppData\Roaming\MiKTeX\tex/latex/natbib\natbib.sty
Package: natbib 2010/09/13 8.31b (PWD, AO)
\bibhang=\skip57
\bibsep=\skip58
LaTeX Info: Redefining \cite on input line 694.
\c@NAT@ctr=\count192
)
(C:\Users\sagat\AppData\Roaming\MiKTeX\tex/latex/achemso\natmove.sty
Package: natmove 2010/01/15 v1.1a Automatic citation moving with natbib
)
(C:\Users\sagat\AppData\Roaming\MiKTeX\tex/latex/mciteplus\mciteplus.sty
Package: mciteplus 2013/09/13 v1.2 enhanced mcite
\@mcitetmptoksA=\toks26
\@mcitetmpdima=\dimen152
\@mcitetmpdimb=\dimen153
\@mcitetmpcnta=\count193
\@mcitetmpcntb=\count194
\c@mcitebibitemcount=\count195
\c@mcitesubitemcount=\count196

** mciteplus: Detected natbib.sty. Invoking hooks.
)) (C:\Users\sagat\AppData\Roaming\MiKTeX\tex/latex/chemformula\chemformula.sty
("C:\Program Files\MiKTeX\tex/latex/l3kernel\expl3.sty"
Package: expl3 2020-08-07 L3 programming layer (loader) 

("C:\Program Files\MiKTeX\tex/latex/l3backend\l3backend-pdfmode.def"
File: l3backend-pdfmode.def 2020-08-07 L3 backend support: PDF mode
\l__kernel_color_stack_int=\count197
\l__pdf_internal_box=\box47
))
("C:\Program Files\MiKTeX\tex/latex/l3packages/xparse\xparse.sty"
Package: xparse 2020-05-15 L3 Experimental document command parser

("C:\Program Files\MiKTeX\tex/latex/l3packages/xparse\xparse-generic.tex"
\l__xparse_current_arg_int=\count198
\g__xparse_grabber_int=\count199
\l__xparse_m_args_int=\count266
\l__xparse_v_nesting_int=\count267
))
("C:\Program Files\MiKTeX\tex/latex/l3packages/l3keys2e\l3keys2e.sty"
Package: l3keys2e 2020-05-15 LaTeX2e option processing using LaTeX3 keys
)
("C:\Program Files\MiKTeX\tex/latex/pgf/frontendlayer\tikz.sty"
("C:\Program Files\MiKTeX\tex/latex/pgf/basiclayer\pgf.sty"
("C:\Program Files\MiKTeX\tex/latex/pgf/utilities\pgfrcs.sty"
("C:\Program Files\MiKTeX\tex/generic/pgf/utilities\pgfutil-common.tex"
\pgfutil@everybye=\toks27
\pgfutil@tempdima=\dimen154
\pgfutil@tempdimb=\dimen155

("C:\Program Files\MiKTeX\tex/generic/pgf/utilities\pgfutil-common-lists.tex"))
("C:\Program Files\MiKTeX\tex/generic/pgf/utilities\pgfutil-latex.def"
\pgfutil@abb=\box48

("C:\Program Files\MiKTeX\tex/latex/ms\everyshi.sty"
Package: everyshi 2001/05/15 v3.00 EveryShipout Package (MS)
))
("C:\Program Files\MiKTeX\tex/generic/pgf/utilities\pgfrcs.code.tex"
("C:\Program Files\MiKTeX\tex/generic/pgf\pgf.revision.tex")
Package: pgfrcs 2020/01/08 v3.1.5b (3.1.5b)
))
Package: pgf 2020/01/08 v3.1.5b (3.1.5b)

("C:\Program Files\MiKTeX\tex/latex/pgf/basiclayer\pgfcore.sty"
("C:\Program Files\MiKTeX\tex/latex/pgf/systemlayer\pgfsys.sty"
("C:\Program Files\MiKTeX\tex/generic/pgf/systemlayer\pgfsys.code.tex"
Package: pgfsys 2020/01/08 v3.1.5b (3.1.5b)

("C:\Program Files\MiKTeX\tex/generic/pgf/utilities\pgfkeys.code.tex"
\pgfkeys@pathtoks=\toks28
\pgfkeys@temptoks=\toks29

("C:\Program Files\MiKTeX\tex/generic/pgf/utilities\pgfkeysfiltered.code.tex"
\pgfkeys@tmptoks=\toks30
))
\pgf@x=\dimen156
\pgf@y=\dimen157
\pgf@xa=\dimen158
\pgf@ya=\dimen159
\pgf@xb=\dimen160
\pgf@yb=\dimen161
\pgf@xc=\dimen162
\pgf@yc=\dimen163
\pgf@xd=\dimen164
\pgf@yd=\dimen165
\w@pgf@writea=\write4
\r@pgf@reada=\read2
\c@pgf@counta=\count268
\c@pgf@countb=\count269
\c@pgf@countc=\count270
\c@pgf@countd=\count271
\t@pgf@toka=\toks31
\t@pgf@tokb=\toks32
\t@pgf@tokc=\toks33
\pgf@sys@id@count=\count272
("C:\Program Files\MiKTeX\tex/generic/pgf/systemlayer\pgf.cfg"
File: pgf.cfg 2020/01/08 v3.1.5b (3.1.5b)
)
Driver file for pgf: pgfsys-pdftex.def

("C:\Program Files\MiKTeX\tex/generic/pgf/systemlayer\pgfsys-pdftex.def"
File: pgfsys-pdftex.def 2020/01/08 v3.1.5b (3.1.5b)

("C:\Program Files\MiKTeX\tex/generic/pgf/systemlayer\pgfsys-common-pdf.def"
File: pgfsys-common-pdf.def 2020/01/08 v3.1.5b (3.1.5b)
))) ("C:\Program Files\MiKTeX\tex/generic/pgf/systemlayer\pgfsyssoftpath.code.t
ex"
File: pgfsyssoftpath.code.tex 2020/01/08 v3.1.5b (3.1.5b)
\pgfsyssoftpath@smallbuffer@items=\count273
\pgfsyssoftpath@bigbuffer@items=\count274
) ("C:\Program Files\MiKTeX\tex/generic/pgf/systemlayer\pgfsysprotocol.code.tex
"
File: pgfsysprotocol.code.tex 2020/01/08 v3.1.5b (3.1.5b)
)) ("C:\Program Files\MiKTeX\tex/latex/xcolor\xcolor.sty"
Package: xcolor 2016/05/11 v2.12 LaTeX color extensions (UK)

("C:\Program Files\MiKTeX\tex/latex/graphics-cfg\color.cfg"
File: color.cfg 2016/01/02 v1.6 sample color configuration
)
Package xcolor Info: Driver file: pdftex.def on input line 225.
Package xcolor Info: Model `cmy' substituted by `cmy0' on input line 1348.
Package xcolor Info: Model `hsb' substituted by `rgb' on input line 1352.
Package xcolor Info: Model `RGB' extended on input line 1364.
Package xcolor Info: Model `HTML' substituted by `rgb' on input line 1366.
Package xcolor Info: Model `Hsb' substituted by `hsb' on input line 1367.
Package xcolor Info: Model `tHsb' substituted by `hsb' on input line 1368.
Package xcolor Info: Model `HSB' substituted by `hsb' on input line 1369.
Package xcolor Info: Model `Gray' substituted by `gray' on input line 1370.
Package xcolor Info: Model `wave' substituted by `hsb' on input line 1371.
)
("C:\Program Files\MiKTeX\tex/generic/pgf/basiclayer\pgfcore.code.tex"
Package: pgfcore 2020/01/08 v3.1.5b (3.1.5b)

("C:\Program Files\MiKTeX\tex/generic/pgf/math\pgfmath.code.tex"
("C:\Program Files\MiKTeX\tex/generic/pgf/math\pgfmathcalc.code.tex"
("C:\Program Files\MiKTeX\tex/generic/pgf/math\pgfmathutil.code.tex")
("C:\Program Files\MiKTeX\tex/generic/pgf/math\pgfmathparser.code.tex"
\pgfmath@dimen=\dimen166
\pgfmath@count=\count275
\pgfmath@box=\box49
\pgfmath@toks=\toks34
\pgfmath@stack@operand=\toks35
\pgfmath@stack@operation=\toks36
)
("C:\Program Files\MiKTeX\tex/generic/pgf/math\pgfmathfunctions.code.tex"
("C:\Program Files\MiKTeX\tex/generic/pgf/math\pgfmathfunctions.basic.code.tex"
)
("C:\Program Files\MiKTeX\tex/generic/pgf/math\pgfmathfunctions.trigonometric.c
ode.tex")
("C:\Program Files\MiKTeX\tex/generic/pgf/math\pgfmathfunctions.random.code.tex
")
("C:\Program Files\MiKTeX\tex/generic/pgf/math\pgfmathfunctions.comparison.code
.tex")
("C:\Program Files\MiKTeX\tex/generic/pgf/math\pgfmathfunctions.base.code.tex")
("C:\Program Files\MiKTeX\tex/generic/pgf/math\pgfmathfunctions.round.code.tex"
) ("C:\Program Files\MiKTeX\tex/generic/pgf/math\pgfmathfunctions.misc.code.tex
")
("C:\Program Files\MiKTeX\tex/generic/pgf/math\pgfmathfunctions.integerarithmet
ics.code.tex")))
("C:\Program Files\MiKTeX\tex/generic/pgf/math\pgfmathfloat.code.tex"
\c@pgfmathroundto@lastzeros=\count276
))
("C:\Program Files\MiKTeX\tex/generic/pgf/math\pgfint.code.tex")
("C:\Program Files\MiKTeX\tex/generic/pgf/basiclayer\pgfcorepoints.code.tex"
File: pgfcorepoints.code.tex 2020/01/08 v3.1.5b (3.1.5b)
\pgf@picminx=\dimen167
\pgf@picmaxx=\dimen168
\pgf@picminy=\dimen169
\pgf@picmaxy=\dimen170
\pgf@pathminx=\dimen171
\pgf@pathmaxx=\dimen172
\pgf@pathminy=\dimen173
\pgf@pathmaxy=\dimen174
\pgf@xx=\dimen175
\pgf@xy=\dimen176
\pgf@yx=\dimen177
\pgf@yy=\dimen178
\pgf@zx=\dimen179
\pgf@zy=\dimen180
)
("C:\Program Files\MiKTeX\tex/generic/pgf/basiclayer\pgfcorepathconstruct.code.
tex"
File: pgfcorepathconstruct.code.tex 2020/01/08 v3.1.5b (3.1.5b)
\pgf@path@lastx=\dimen181
\pgf@path@lasty=\dimen182
)
("C:\Program Files\MiKTeX\tex/generic/pgf/basiclayer\pgfcorepathusage.code.tex"
File: pgfcorepathusage.code.tex 2020/01/08 v3.1.5b (3.1.5b)
\pgf@shorten@end@additional=\dimen183
\pgf@shorten@start@additional=\dimen184
) ("C:\Program Files\MiKTeX\tex/generic/pgf/basiclayer\pgfcorescopes.code.tex"
File: pgfcorescopes.code.tex 2020/01/08 v3.1.5b (3.1.5b)
\pgfpic=\box50
\pgf@hbox=\box51
\pgf@layerbox@main=\box52
\pgf@picture@serial@count=\count277
)
("C:\Program Files\MiKTeX\tex/generic/pgf/basiclayer\pgfcoregraphicstate.code.t
ex"
File: pgfcoregraphicstate.code.tex 2020/01/08 v3.1.5b (3.1.5b)
\pgflinewidth=\dimen185
)
("C:\Program Files\MiKTeX\tex/generic/pgf/basiclayer\pgfcoretransformations.cod
e.tex"
File: pgfcoretransformations.code.tex 2020/01/08 v3.1.5b (3.1.5b)
\pgf@pt@x=\dimen186
\pgf@pt@y=\dimen187
\pgf@pt@temp=\dimen188
)
("C:\Program Files\MiKTeX\tex/generic/pgf/basiclayer\pgfcorequick.code.tex"
File: pgfcorequick.code.tex 2020/01/08 v3.1.5b (3.1.5b)
)
("C:\Program Files\MiKTeX\tex/generic/pgf/basiclayer\pgfcoreobjects.code.tex"
File: pgfcoreobjects.code.tex 2020/01/08 v3.1.5b (3.1.5b)
)
("C:\Program Files\MiKTeX\tex/generic/pgf/basiclayer\pgfcorepathprocessing.code
.tex"
File: pgfcorepathprocessing.code.tex 2020/01/08 v3.1.5b (3.1.5b)
)
("C:\Program Files\MiKTeX\tex/generic/pgf/basiclayer\pgfcorearrows.code.tex"
File: pgfcorearrows.code.tex 2020/01/08 v3.1.5b (3.1.5b)
\pgfarrowsep=\dimen189
)
("C:\Program Files\MiKTeX\tex/generic/pgf/basiclayer\pgfcoreshade.code.tex"
File: pgfcoreshade.code.tex 2020/01/08 v3.1.5b (3.1.5b)
\pgf@max=\dimen190
\pgf@sys@shading@range@num=\count278
\pgf@shadingcount=\count279
)
("C:\Program Files\MiKTeX\tex/generic/pgf/basiclayer\pgfcoreimage.code.tex"
File: pgfcoreimage.code.tex 2020/01/08 v3.1.5b (3.1.5b)

("C:\Program Files\MiKTeX\tex/generic/pgf/basiclayer\pgfcoreexternal.code.tex"
File: pgfcoreexternal.code.tex 2020/01/08 v3.1.5b (3.1.5b)
\pgfexternal@startupbox=\box53
)) ("C:\Program Files\MiKTeX\tex/generic/pgf/basiclayer\pgfcorelayers.code.tex"
File: pgfcorelayers.code.tex 2020/01/08 v3.1.5b (3.1.5b)
)
("C:\Program Files\MiKTeX\tex/generic/pgf/basiclayer\pgfcoretransparency.code.t
ex"
File: pgfcoretransparency.code.tex 2020/01/08 v3.1.5b (3.1.5b)
)
("C:\Program Files\MiKTeX\tex/generic/pgf/basiclayer\pgfcorepatterns.code.tex"
File: pgfcorepatterns.code.tex 2020/01/08 v3.1.5b (3.1.5b)
) ("C:\Program Files\MiKTeX\tex/generic/pgf/basiclayer\pgfcorerdf.code.tex"
File: pgfcorerdf.code.tex 2020/01/08 v3.1.5b (3.1.5b)
)))
("C:\Program Files\MiKTeX\tex/generic/pgf/modules\pgfmoduleshapes.code.tex"
File: pgfmoduleshapes.code.tex 2020/01/08 v3.1.5b (3.1.5b)
\pgfnodeparttextbox=\box54
)
("C:\Program Files\MiKTeX\tex/generic/pgf/modules\pgfmoduleplot.code.tex"
File: pgfmoduleplot.code.tex 2020/01/08 v3.1.5b (3.1.5b)
)
("C:\Program Files\MiKTeX\tex/latex/pgf/compatibility\pgfcomp-version-0-65.sty"
Package: pgfcomp-version-0-65 2020/01/08 v3.1.5b (3.1.5b)
\pgf@nodesepstart=\dimen191
\pgf@nodesepend=\dimen192
) ("C:\Program Files\MiKTeX\tex/latex/pgf/compatibility\pgfcomp-version-1-18.st
y"
Package: pgfcomp-version-1-18 2020/01/08 v3.1.5b (3.1.5b)
)) ("C:\Program Files\MiKTeX\tex/latex/pgf/utilities\pgffor.sty"
("C:\Program Files\MiKTeX\tex/latex/pgf/utilities\pgfkeys.sty"
("C:\Program Files\MiKTeX\tex/generic/pgf/utilities\pgfkeys.code.tex"))
("C:\Program Files\MiKTeX\tex/latex/pgf/math\pgfmath.sty"
("C:\Program Files\MiKTeX\tex/generic/pgf/math\pgfmath.code.tex"))
("C:\Program Files\MiKTeX\tex/generic/pgf/utilities\pgffor.code.tex"
Package: pgffor 2020/01/08 v3.1.5b (3.1.5b)

("C:\Program Files\MiKTeX\tex/generic/pgf/math\pgfmath.code.tex")
\pgffor@iter=\dimen193
\pgffor@skip=\dimen194
\pgffor@stack=\toks37
\pgffor@toks=\toks38
))
("C:\Program Files\MiKTeX\tex/generic/pgf/frontendlayer/tikz\tikz.code.tex"
Package: tikz 2020/01/08 v3.1.5b (3.1.5b)

("C:\Program Files\MiKTeX\tex/generic/pgf/libraries\pgflibraryplothandlers.code
.tex"
File: pgflibraryplothandlers.code.tex 2020/01/08 v3.1.5b (3.1.5b)
\pgf@plot@mark@count=\count280
\pgfplotmarksize=\dimen195
)
\tikz@lastx=\dimen196
\tikz@lasty=\dimen197
\tikz@lastxsaved=\dimen198
\tikz@lastysaved=\dimen199
\tikz@lastmovetox=\dimen256
\tikz@lastmovetoy=\dimen257
\tikzleveldistance=\dimen258
\tikzsiblingdistance=\dimen259
\tikz@figbox=\box55
\tikz@figbox@bg=\box56
\tikz@tempbox=\box57
\tikz@tempbox@bg=\box58
\tikztreelevel=\count281
\tikznumberofchildren=\count282
\tikznumberofcurrentchild=\count283
\tikz@fig@count=\count284

("C:\Program Files\MiKTeX\tex/generic/pgf/modules\pgfmodulematrix.code.tex"
File: pgfmodulematrix.code.tex 2020/01/08 v3.1.5b (3.1.5b)
\pgfmatrixcurrentrow=\count285
\pgfmatrixcurrentcolumn=\count286
\pgf@matrix@numberofcolumns=\count287
)
\tikz@expandcount=\count288

("C:\Program Files\MiKTeX\tex/generic/pgf/frontendlayer/tikz/libraries\tikzlibr
arytopaths.code.tex"
File: tikzlibrarytopaths.code.tex 2020/01/08 v3.1.5b (3.1.5b)
))) ("C:\Program Files\MiKTeX\tex/latex/amsmath\amsmath.sty"
Package: amsmath 2020/01/20 v2.17e AMS math features
\@mathmargin=\skip59

For additional information on amsmath, use the `?' option.
("C:\Program Files\MiKTeX\tex/latex/amsmath\amstext.sty"
Package: amstext 2000/06/29 v2.01 AMS text

("C:\Program Files\MiKTeX\tex/latex/amsmath\amsgen.sty"
File: amsgen.sty 1999/11/30 v2.0 generic functions
\@emptytoks=\toks39
\ex@=\dimen260
))
("C:\Program Files\MiKTeX\tex/latex/amsmath\amsbsy.sty"
Package: amsbsy 1999/11/29 v1.2d Bold Symbols
\pmbraise@=\dimen261
)
("C:\Program Files\MiKTeX\tex/latex/amsmath\amsopn.sty"
Package: amsopn 2016/03/08 v2.02 operator names
)
\inf@bad=\count289
LaTeX Info: Redefining \frac on input line 227.
\uproot@=\count290
\leftroot@=\count291
LaTeX Info: Redefining \overline on input line 389.
\classnum@=\count292
\DOTSCASE@=\count293
LaTeX Info: Redefining \ldots on input line 486.
LaTeX Info: Redefining \dots on input line 489.
LaTeX Info: Redefining \cdots on input line 610.
\Mathstrutbox@=\box59
\strutbox@=\box60
\big@size=\dimen262
LaTeX Font Info:    Redeclaring font encoding OML on input line 733.
LaTeX Font Info:    Redeclaring font encoding OMS on input line 734.
\macc@depth=\count294
\c@MaxMatrixCols=\count295
\dotsspace@=\muskip17
\c@parentequation=\count296
\dspbrk@lvl=\count297
\tag@help=\toks40
\row@=\count298
\column@=\count299
\maxfields@=\count300
\andhelp@=\toks41
\eqnshift@=\dimen263
\alignsep@=\dimen264
\tagshift@=\dimen265
\tagwidth@=\dimen266
\totwidth@=\dimen267
\lineht@=\dimen268
\@envbody=\toks42
\multlinegap=\skip60
\multlinetaggap=\skip61
\mathdisplay@stack=\toks43
LaTeX Info: Redefining \[ on input line 2859.
LaTeX Info: Redefining \] on input line 2860.
)
("C:\Program Files\MiKTeX\tex/latex/l3packages/xfrac\xfrac.sty"
("C:\Program Files\MiKTeX\tex/latex/base\textcomp.sty"
Package: textcomp 2020/02/02 v2.0n Standard LaTeX package
)
("C:\Program Files\MiKTeX\tex/latex/l3packages/xtemplate\xtemplate.sty"
Package: xtemplate 2020-05-15 L3 Experimental prototype document functions
\l__xtemplate_tmp_dim=\dimen269
\l__xtemplate_tmp_int=\count301
\l__xtemplate_tmp_muskip=\muskip18
\l__xtemplate_tmp_skip=\skip62
)
Package: xfrac 2020-05-15 L3 Experimental split-level fractions
\l__xfrac_slash_box=\box61
\l__xfrac_tmp_box=\box62
\l__xfrac_denominator_bot_sep_dim=\dimen270
\l__xfrac_numerator_bot_sep_dim=\dimen271
\l__xfrac_numerator_top_sep_dim=\dimen272
\l__xfrac_slash_left_sep_dim=\dimen273
\l__xfrac_slash_right_sep_dim=\dimen274
\l__xfrac_slash_left_muskip=\muskip19
\l__xfrac_slash_right_muskip=\muskip20

Package xtemplate Info: Declaring object type 'xfrac' taking 3 argument(s) on
(xtemplate)             line 80.

)
(C:\Users\sagat\AppData\Roaming\MiKTeX\tex/latex/units\nicefrac.sty
Package: nicefrac 1998/08/04 v0.9b Nice fractions
\L@UnitsRaiseDisplaystyle=\skip63
\L@UnitsRaiseTextstyle=\skip64
\L@UnitsRaiseScriptstyle=\skip65

("C:\Program Files\MiKTeX\tex/latex/base\ifthen.sty"
Package: ifthen 2014/09/29 v1.1c Standard LaTeX ifthen package (DPC)
))
(C:\Users\sagat\AppData\Roaming\MiKTeX\tex/latex/koma-script\scrlfile.sty
Package: scrlfile 2020/07/22 v3.31 KOMA-Script package (loading files)
)
("C:\Program Files\MiKTeX\tex/generic/pgf/libraries\pgflibraryarrows.meta.code.
tex"
File: pgflibraryarrows.meta.code.tex 2020/01/08 v3.1.5b (3.1.5b)
\pgfarrowinset=\dimen275
\pgfarrowlength=\dimen276
\pgfarrowwidth=\dimen277
\pgfarrowlinewidth=\dimen278
)
Package: chemformula 2020/03/07 v4.15j typeset chemical compounds and reactions
 (CN)
\l__chemformula_tmpa_dim=\dimen279
\l__chemformula_tmpb_dim=\dimen280
\l__chemformula_tmpc_dim=\dimen281
\l__chemformula_tmpa_int=\count302
\l__chemformula_tmpb_int=\count303
\l__chemformula_tmpc_int=\count304
\l__chemformula_tmpa_box=\box63
\l__chemformula_tmpb_box=\box64
\l__chemformula_arrow_length_dim=\dimen282
\l__chemformula_arrow_label_height_dim=\dimen283
\l__chemformula_arrow_label_offset_dim=\dimen284
\l__chemformula_arrow_minimum_length_dim=\dimen285
\l__chemformula_arrow_shortage_dim=\dimen286
\l__chemformula_arrow_offset_dim=\dimen287
\l__chemformula_arrow_yshift_dim=\dimen288
\l__chemformula_radical_radius_dim=\dimen289
\l__chemformula_radical_hshift_dim=\dimen290
\l__chemformula_radical_vshift_dim=\dimen291
\l__chemformula_radical_space_dim=\dimen292
\l__chemformula_arrow_head_dim=\dimen293
\l__chemformula_name_dim=\dimen294
\l__chemformula_adduct_space_dim=\dimen295
\l__chemformula_charge_shift_dim=\dimen296
\l__chemformula_subscript_shift_dim=\dimen297
\l__chemformula_superscript_shift_dim=\dimen298
\l__chemformula_subscript_dim=\dimen299
\l__chemformula_superscript_dim=\dimen300
\l__chemformula_bond_dim=\dimen301
\l__chemformula_bond_space_dim=\dimen302
\l__chemformula_elspec_pair_distance_dim=\dimen303
\l__chemformula_elspec_pair_line_length_dim=\dimen304
\l__chemformula_elspec_pair_width_dim=\dimen305
\l__chemformula_kroegervink_positive_radius_dim=\dimen306
\l__chemformula_kroegervink_positive_hshift_dim=\dimen307
\l__chemformula_kroegervink_positive_vshift_dim=\dimen308
\l__chemformula_kroegervink_positive_space_dim=\dimen309
\l__chemformula_stoich_space_skip=\skip66
\l__chemformula_math_space_skip=\skip67
\l__chemformula_count_tokens_int=\count305
\g__chemformula_lewis_int=\count306
\l__chemformula_arrow_arg_i_box=\box65
\l__chemformula_arrow_arg_ii_box=\box66
\l__chemformula_superscript_box=\box67
\l__chemformula_subscript_box=\box68
\l__chemformula_additions_symbol_space_skip=\skip68
\l__chemformula_plus_space_skip=\skip69
\l__chemformula_minus_space_skip=\skip70
) ("C:\Program Files\MiKTeX\tex/latex/base\fontenc.sty"
Package: fontenc 2020/02/11 v2.0o Standard LaTeX package
)
(C:\Users\sagat\AppData\Roaming\MiKTeX\tex/latex/amscls\amsthm.sty
Package: amsthm 2020/05/29 v2.20.6
\thm@style=\toks44
\thm@bodyfont=\toks45
\thm@headfont=\toks46
\thm@notefont=\toks47
\thm@headpunct=\toks48
\thm@preskip=\skip71
\thm@postskip=\skip72
\thm@headsep=\skip73
\dth@everypar=\toks49
)
("C:\Program Files\MiKTeX\tex/latex/amsfonts\amssymb.sty"
Package: amssymb 2013/01/14 v3.01 AMS font symbols

("C:\Program Files\MiKTeX\tex/latex/amsfonts\amsfonts.sty"
Package: amsfonts 2013/01/14 v3.01 Basic AMSFonts support
\symAMSa=\mathgroup4
\symAMSb=\mathgroup5
LaTeX Font Info:    Redeclaring math symbol \hbar on input line 98.
LaTeX Font Info:    Overwriting math alphabet `\mathfrak' in version `bold'
(Font)                  U/euf/m/n --> U/euf/b/n on input line 106.
))
("C:\Program Files\MiKTeX\tex/latex/tools\verbatim.sty"
Package: verbatim 2019/11/10 v1.5r LaTeX2e package for verbatim enhancements
\every@verbatim=\toks50
\verbatim@line=\toks51
\verbatim@in@stream=\read3
) (disarag_achemso.aux)
\openout1 = `disarag_achemso.aux'.

LaTeX Font Info:    Checking defaults for OML/cmm/m/it on input line 42.
LaTeX Font Info:    ... okay on input line 42.
LaTeX Font Info:    Checking defaults for OMS/cmsy/m/n on input line 42.
LaTeX Font Info:    ... okay on input line 42.
LaTeX Font Info:    Checking defaults for OT1/cmr/m/n on input line 42.
LaTeX Font Info:    ... okay on input line 42.
LaTeX Font Info:    Checking defaults for T1/cmr/m/n on input line 42.
LaTeX Font Info:    ... okay on input line 42.
LaTeX Font Info:    Checking defaults for TS1/cmr/m/n on input line 42.
LaTeX Font Info:    ... okay on input line 42.
LaTeX Font Info:    Checking defaults for OMX/cmex/m/n on input line 42.
LaTeX Font Info:    ... okay on input line 42.
LaTeX Font Info:    Checking defaults for U/cmr/m/n on input line 42.
LaTeX Font Info:    ... okay on input line 42.
\openout3 = `acs-disarag_achemso.bib'.


*geometry* driver: auto-detecting
*geometry* detected driver: pdftex
*geometry* verbose mode - [ preamble ] result:
* driver: pdftex
* paper: <default>
* layout: <same size as paper>
* layoutoffset:(h,v)=(0.0pt,0.0pt)
* modes: 
* h-part:(L,W,R)=(72.2698pt, 469.75539pt, 72.2698pt)
* v-part:(T,H,B)=(72.2698pt, 650.43037pt, 72.2698pt)
* \paperwidth=614.295pt
* \paperheight=794.96999pt
* \textwidth=469.75539pt
* \textheight=650.43037pt
* \oddsidemargin=-0.00018pt
* \evensidemargin=-0.00018pt
* \topmargin=-37.00018pt
* \headheight=12.0pt
* \headsep=25.0pt
* \topskip=12.0pt
* \footskip=30.0pt
* \marginparwidth=44.0pt
* \marginparsep=10.0pt
* \columnsep=10.0pt
* \skip\footins=10.8pt plus 4.0pt minus 2.0pt
* \hoffset=0.0pt
* \voffset=0.0pt
* \mag=1000
* \@twocolumnfalse
* \@twosidefalse
* \@mparswitchfalse
* \@reversemarginfalse
* (1in=72.27pt=25.4mm, 1cm=28.453pt)

Package caption Info: Begin \AtBeginDocument code.
Package caption Info: float package is loaded.
Package caption Info: End \AtBeginDocument code.
("C:\Program Files\MiKTeX\tex/context/base/mkii\supp-pdf.mkii"
[Loading MPS to PDF converter (version 2006.09.02).]
\scratchcounter=\count307
\scratchdimen=\dimen310
\scratchbox=\box69
\nofMPsegments=\count308
\nofMParguments=\count309
\everyMPshowfont=\toks52
\MPscratchCnt=\count310
\MPscratchDim=\dimen311
\MPnumerator=\count311
\makeMPintoPDFobject=\count312
\everyMPtoPDFconversion=\toks53
) ("C:\Program Files\MiKTeX\tex/latex/epstopdf-pkg\epstopdf-base.sty"
Package: epstopdf-base 2020-01-24 v2.11 Base part for package epstopdf
Package epstopdf-base Info: Redefining graphics rule for `.eps' on input line 4
85.
)
ABD: EveryShipout initializing macros
LaTeX Font Info:    Trying to load font information for T1+cmss on input line 4
2.

("C:\Program Files\MiKTeX\tex/latex/base\t1cmss.fd"
File: t1cmss.fd 2019/12/16 v2.5j Standard LaTeX font definitions
)
LaTeX Font Info:    Trying to load font information for U+msa on input line 42.


("C:\Program Files\MiKTeX\tex/latex/amsfonts\umsa.fd"
File: umsa.fd 2013/01/14 v3.01 AMS symbols A
)
LaTeX Font Info:    Trying to load font information for U+msb on input line 42.


("C:\Program Files\MiKTeX\tex/latex/amsfonts\umsb.fd"
File: umsb.fd 2013/01/14 v3.01 AMS symbols B
) [1

{C:/Users/sagat/AppData/Local/MiKTeX/pdftex/config/pdftex.map}] [2]
Package epstopdf Info: Source file: <figures/str.eps>
(epstopdf)                    date: 2020-10-24 13:20:04
(epstopdf)                    size: 921808 bytes
(epstopdf)             Output file: <figures/str-eps-converted-to.pdf>
(epstopdf)                    date: 2020-10-24 13:20:04
(epstopdf)                    size: 135431 bytes
(epstopdf)             Command: <epstopdf --outfile=figures/str-eps-converted-t
o.pdf figures/str.eps>
(epstopdf)             \includegraphics on input line 90.
Package epstopdf Info: Output file is already uptodate.
<figures/str-eps-converted-to.pdf, id=27, 486.81876pt x 119.44624pt>
File: figures/str-eps-converted-to.pdf Graphic file (type pdf)
<use figures/str-eps-converted-to.pdf>
Package pdftex.def Info: figures/str-eps-converted-to.pdf  used on input line 9
0.
(pdftex.def)             Requested size: 469.75539pt x 115.25941pt.
 [3 <./figures/str-eps-converted-to.pdf>] [4] [5] [6]
Package epstopdf Info: Source file: <figures/phdia.eps>
(epstopdf)                    date: 2020-10-24 13:20:03
(epstopdf)                    size: 389020 bytes
(epstopdf)             Output file: <figures/phdia-eps-converted-to.pdf>
(epstopdf)                    date: 2020-10-24 13:20:03
(epstopdf)                    size: 504764 bytes
(epstopdf)             Command: <epstopdf --outfile=figures/phdia-eps-converted
-to.pdf figures/phdia.eps>
(epstopdf)             \includegraphics on input line 163.
Package epstopdf Info: Output file is already uptodate.
<figures/phdia-eps-converted-to.pdf, id=55, 490.83376pt x 336.25626pt>
File: figures/phdia-eps-converted-to.pdf Graphic file (type pdf)
<use figures/phdia-eps-converted-to.pdf>
Package pdftex.def Info: figures/phdia-eps-converted-to.pdf  used on input line
 163.
(pdftex.def)             Requested size: 469.75539pt x 321.82747pt.
 [7 <./figures/phdia-eps-converted-to.pdf>]
Package epstopdf Info: Source file: <figures/arag_cell.eps>
(epstopdf)                    date: 2020-10-24 13:19:59
(epstopdf)                    size: 97688 bytes
(epstopdf)             Output file: <figures/arag_cell-eps-converted-to.pdf>
(epstopdf)                    date: 2020-10-24 13:19:59
(epstopdf)                    size: 29941 bytes
(epstopdf)             Command: <epstopdf --outfile=figures/arag_cell-eps-conve
rted-to.pdf figures/arag_cell.eps>
(epstopdf)             \includegraphics on input line 184.
Package epstopdf Info: Output file is already uptodate.
<figures/arag_cell-eps-converted-to.pdf, id=63, 435.6275pt x 172.645pt>
File: figures/arag_cell-eps-converted-to.pdf Graphic file (type pdf)
<use figures/arag_cell-eps-converted-to.pdf>
Package pdftex.def Info: figures/arag_cell-eps-converted-to.pdf  used on input 
line 184.
(pdftex.def)             Requested size: 469.75539pt x 186.1693pt.
 [8 <./figures/arag_cell-eps-converted-to.pdf>]
Package epstopdf Info: Source file: <figures/rot15.eps>
(epstopdf)                    date: 2020-10-24 13:20:04
(epstopdf)                    size: 235401 bytes
(epstopdf)             Output file: <figures/rot15-eps-converted-to.pdf>
(epstopdf)                    date: 2020-10-24 13:20:04
(epstopdf)                    size: 70236 bytes
(epstopdf)             Command: <epstopdf --outfile=figures/rot15-eps-converted
-to.pdf figures/rot15.eps>
(epstopdf)             \includegraphics on input line 198.
Package epstopdf Info: Output file is already uptodate.
<figures/rot15-eps-converted-to.pdf, id=80, 203.76125pt x 324.21124pt>
File: figures/rot15-eps-converted-to.pdf Graphic file (type pdf)
<use figures/rot15-eps-converted-to.pdf>
Package pdftex.def Info: figures/rot15-eps-converted-to.pdf  used on input line
 198.
(pdftex.def)             Requested size: 234.87769pt x 373.7404pt.
Package epstopdf Info: Source file: <figures/distr15.eps>
(epstopdf)                    date: 2020-10-24 13:19:59
(epstopdf)                    size: 301813 bytes
(epstopdf)             Output file: <figures/distr15-eps-converted-to.pdf>
(epstopdf)                    date: 2020-10-24 13:19:59
(epstopdf)                    size: 79531 bytes
(epstopdf)             Command: <epstopdf --outfile=figures/distr15-eps-convert
ed-to.pdf figures/distr15.eps>
(epstopdf)             \includegraphics on input line 203.
Package epstopdf Info: Output file is already uptodate.
<figures/distr15-eps-converted-to.pdf, id=81, 216.81pt x 301.125pt>
File: figures/distr15-eps-converted-to.pdf Graphic file (type pdf)
<use figures/distr15-eps-converted-to.pdf>
Package pdftex.def Info: figures/distr15-eps-converted-to.pdf  used on input li
ne 203.
(pdftex.def)             Requested size: 234.87769pt x 326.23479pt.
 [9 <./figures/rot15-eps-converted-to.pdf>]
[10 <./figures/distr15-eps-converted-to.pdf>] [11]
Package epstopdf Info: Source file: <figures/libr15.eps>
(epstopdf)                    date: 2020-10-24 13:19:59
(epstopdf)                    size: 129207 bytes
(epstopdf)             Output file: <figures/libr15-eps-converted-to.pdf>
(epstopdf)                    date: 2020-10-24 13:19:59
(epstopdf)                    size: 46487 bytes
(epstopdf)             Command: <epstopdf --outfile=figures/libr15-eps-converte
d-to.pdf figures/libr15.eps>
(epstopdf)             \includegraphics on input line 240.
Package epstopdf Info: Output file is already uptodate.
<figures/libr15-eps-converted-to.pdf, id=114, 370.38374pt x 159.59625pt>
File: figures/libr15-eps-converted-to.pdf Graphic file (type pdf)
<use figures/libr15-eps-converted-to.pdf>
Package pdftex.def Info: figures/libr15-eps-converted-to.pdf  used on input lin
e 240.
(pdftex.def)             Requested size: 446.26617pt x 192.29622pt.
Package epstopdf Info: Source file: <figures/libr15_d.eps>
(epstopdf)                    date: 2020-10-24 13:19:59
(epstopdf)                    size: 60155 bytes
(epstopdf)             Output file: <figures/libr15_d-eps-converted-to.pdf>
(epstopdf)                    date: 2020-10-24 13:19:59
(epstopdf)                    size: 57765 bytes
(epstopdf)             Command: <epstopdf --outfile=figures/libr15_d-eps-conver
ted-to.pdf figures/libr15_d.eps>
(epstopdf)             \includegraphics on input line 245.
Package epstopdf Info: Output file is already uptodate.
<figures/libr15_d-eps-converted-to.pdf, id=115, 178.6675pt x 143.53625pt>
File: figures/libr15_d-eps-converted-to.pdf Graphic file (type pdf)
<use figures/libr15_d-eps-converted-to.pdf>
Package pdftex.def Info: figures/libr15_d-eps-converted-to.pdf  used on input l
ine 245.
(pdftex.def)             Requested size: 234.87769pt x 188.70404pt.
 [12 <./figures/libr15-eps-converted-to.pdf>] [13 <./figures/libr15_d-eps-conve
rted-to.pdf>]
Package epstopdf Info: Source file: <figures/z_jump.eps>
(epstopdf)                    date: 2020-10-24 13:20:04
(epstopdf)                    size: 312203 bytes
(epstopdf)             Output file: <figures/z_jump-eps-converted-to.pdf>
(epstopdf)                    date: 2020-10-24 13:20:04
(epstopdf)                    size: 101245 bytes
(epstopdf)             Command: <epstopdf --outfile=figures/z_jump-eps-converte
d-to.pdf figures/z_jump.eps>
(epstopdf)             \includegraphics on input line 269.
Package epstopdf Info: Output file is already uptodate.
<figures/z_jump-eps-converted-to.pdf, id=135, 254.9525pt x 329.23pt>
File: figures/z_jump-eps-converted-to.pdf Graphic file (type pdf)
<use figures/z_jump-eps-converted-to.pdf>
Package pdftex.def Info: figures/z_jump-eps-converted-to.pdf  used on input lin
e 269.
(pdftex.def)             Requested size: 258.36688pt x 333.655pt.
 [14 <./figures/z_jump-eps-converted-to.pdf>] [15] [16] [17] (disarag_achemso.b
bl
Underfull \hbox (badness 3701) in paragraph at lines 32--42
[]\T1/cmr/m/n/12 Gavryushkin, P. N.; Mar-tirosyan, N. S.; Iner-baev, T. M.; Pop
ov, Z. I.;
 []


Underfull \hbox (badness 2165) in paragraph at lines 32--42
\T1/cmr/m/n/12 Rashchenko, S. V.; Likhacheva, A. Y.; Lobanov, S. S.; Gon-charov
, A. F.;
 []

[18] [19]
Underfull \hbox (badness 1158) in paragraph at lines 245--253
[]\T1/cmr/m/n/12 Gavryushkin, P. N.; Be-lonoshko, A.; Saga-tov, N.; Saga-tova, 
D.; Zhi-tova, E.;
 []

[20] [21]) [22]
Package epstopdf Info: Source file: <figures/toc_disarag.eps>
(epstopdf)                    date: 2020-10-24 13:20:04
(epstopdf)                    size: 199328 bytes
(epstopdf)             Output file: <figures/toc_disarag-eps-converted-to.pdf>
(epstopdf)                    date: 2020-10-24 13:20:04
(epstopdf)                    size: 103597 bytes
(epstopdf)             Command: <epstopdf --outfile=figures/toc_disarag-eps-con
verted-to.pdf figures/toc_disarag.eps>
(epstopdf)             \includegraphics on input line 371.
Package epstopdf Info: Output file is already uptodate.
<figures/toc_disarag-eps-converted-to.pdf, id=174, 218.8175pt x 101.37875pt>
File: figures/toc_disarag-eps-converted-to.pdf Graphic file (type pdf)
<use figures/toc_disarag-eps-converted-to.pdf>
Package pdftex.def Info: figures/toc_disarag-eps-converted-to.pdf  used on inpu
t line 371.
(pdftex.def)             Requested size: 218.81696pt x 101.3785pt.

Underfull \vbox (badness 10000) detected at line 371
 []

[23

 <./figures/toc_disarag-eps-converted-to.pdf>] (disarag_achemso.aux) ) 
Here is how much of TeX's memory you used:
 18384 strings out of 481212
 365712 string characters out of 2915728
 597316 words of memory out of 3000000
 33610 multiletter control sequences out of 15000+200000
 558217 words of font info for 89 fonts, out of 3000000 for 9000
 1141 hyphenation exceptions out of 8191
 68i,8n,101p,1204b,505s stack positions out of 5000i,500n,10000p,200000b,50000s
 <C:\User
s\sagat\AppData\Local\MiKTeX\fonts/pk/ljfour/jknappen/ec/dpi600\ecbx1200.pk> <C
:\Users\sagat\AppData\Local\MiKTeX\fonts/pk/ljfour/jknappen/ec/dpi600\ecrm0800.
pk> <C:\Users\sagat\AppData\Local\MiKTeX\fonts/pk/ljfour/jknappen/ec/dpi600\ecb
x1728.pk> <C:\Users\sagat\AppData\Local\MiKTeX\fonts/pk/ljfour/jknappen/ec/dpi6
00\ecti1095.pk> <C:\Users\sagat\AppData\Local\MiKTeX\fonts/pk/ljfour/jknappen/e
c/dpi600\ecrm1200.pk> <C:\Users\sagat\AppData\Local\MiKTeX\fonts/pk/ljfour/jkna
ppen/ec/dpi600\ecrm1095.pk> <C:\Users\sagat\AppData\Local\MiKTeX\fonts/pk/ljfou
r/jknappen/ec/dpi600\ecbx1095.pk> <C:\Users\sagat\AppData\Local\MiKTeX\fonts/pk
/ljfour/jknappen/ec/dpi600\ecss1200.pk> <C:\Users\sagat\AppData\Local\MiKTeX\fo
nts/pk/ljfour/jknappen/ec/dpi600\ecti1200.pk> <C:\Users\sagat\AppData\Local\MiK
TeX\fonts/pk/ljfour/jknappen/ec/dpi600\ecss1000.pk> <C:\Users\sagat\AppData\Loc
al\MiKTeX\fonts/pk/ljfour/jknappen/ec/dpi600\ecss1440.pk> <C:\Users\sagat\AppDa
ta\Local\MiKTeX\fonts/pk/ljfour/jknappen/ec/dpi600\ecsx2074.pk><C:/Program File
s/MiKTeX/fonts/type1/public/amsfonts/cm/cmmi12.pfb><C:/Program Files/MiKTeX/fon
ts/type1/public/amsfonts/cm/cmmi8.pfb><C:/Program Files/MiKTeX/fonts/type1/publ
ic/amsfonts/cm/cmr12.pfb><C:/Program Files/MiKTeX/fonts/type1/public/amsfonts/c
m/cmr8.pfb><C:/Program Files/MiKTeX/fonts/type1/public/amsfonts/cm/cmsy10.pfb><
C:/Program Files/MiKTeX/fonts/type1/public/amsfonts/cm/cmsy8.pfb>
Output written on disarag_achemso.pdf (23 pages, 1350489 bytes).
PDF statistics:
 591 PDF objects out of 1000 (max. 8388607)
 0 named destinations out of 1000 (max. 500000)
 58 words of extra memory for PDF output out of 10000 (max. 10000000)

